<?xml version="1.0" encoding="UTF-8"?>
<testsuite name="ab1.Ab1Test" tests="1" skipped="0" failures="0" errors="0" timestamp="2021-04-04T21:21:55" hostname="DESKTOP-Q83Q4IH" time="0.011">
  <properties/>
  <testcase name="testMergeSortNull()" classname="ab1.Ab1Test" time="0.011"/>
  <system-out><![CDATA[]]></system-out>
  <system-err><![CDATA[]]></system-err>
</testsuite>
