<?xml version="1.0" encoding="UTF-8"?>
<testsuite name="ab1.Ab1Test" tests="1" skipped="0" failures="0" errors="0" timestamp="2021-04-02T15:50:38" hostname="DESKTOP-Q83Q4IH" time="1.882">
  <properties/>
  <testcase name="testListMinimum()" classname="ab1.Ab1Test" time="1.882"/>
  <system-out><![CDATA[]]></system-out>
  <system-err><![CDATA[]]></system-err>
</testsuite>
