<?xml version="1.0" encoding="UTF-8"?>
<testsuite name="ab1.Ab1Test" tests="1" skipped="0" failures="0" errors="0" timestamp="2021-04-03T18:38:42" hostname="DESKTOP-Q83Q4IH" time="2.435">
  <properties/>
  <testcase name="testListMinimum()" classname="ab1.Ab1Test" time="2.435"/>
  <system-out><![CDATA[]]></system-out>
  <system-err><![CDATA[]]></system-err>
</testsuite>
